0 verbose cli C:\Program Files\nodejs\node.exe C:\Program Files\nodejs\node_modules\npm\bin\npm-cli.js
1 info using npm@11.9.0
2 info using node@v24.14.0
3 silly config load:file:C:\Program Files\nodejs\node_modules\npm\npmrc
4 silly config load:file:D:\xampp\htdocs\lawrato\platform\.npmrc
5 silly config load:file:C:\Users\manus\.npmrc
6 silly config load:file:C:\Users\manus\AppData\Roaming\npm\etc\npmrc
7 verbose title npm exec tsx -e import { getCmsData, saveCmsData } from './src/lib/cms/store.ts'; const d = getCmsData(); if (!Array.isArray((JSON.parse(require('fs').readFileSync('data/cms.json','utf8'))).states)) { saveCmsData(d); console.log('Persisted states:', d.states.length); } else { console.log('states already in file:', d.states.length); }
8 verbose argv "exec" "--" "tsx" "-e" "import { getCmsData, saveCmsData } from './src/lib/cms/store.ts'; const d = getCmsData(); if (!Array.isArray((JSON.parse(require('fs').readFileSync('data/cms.json','utf8'))).states)) { saveCmsData(d); console.log('Persisted states:', d.states.length); } else { console.log('states already in file:', d.states.length); }"
9 verbose logfile logs-max:10 dir:D:\xampp\htdocs\lawrato\.npm-cache\_logs\2026-05-26T09_38_35_771Z-
10 verbose logfile D:\xampp\htdocs\lawrato\.npm-cache\_logs\2026-05-26T09_38_35_771Z-debug-0.log
11 silly logfile start cleaning logs, removing 1 files
12 silly logfile done cleaning log files
13 silly packumentCache heap:2348810240 maxSize:587202560 maxEntrySize:293601280
14 http fetch GET 200 https://registry.npmjs.org/tsx 382ms (cache revalidated)
15 silly packumentCache heap:2348810240 maxSize:587202560 maxEntrySize:293601280
16 verbose Could not read global path C:\Users\manus\AppData\Roaming\npm, ignoring
17 silly packumentCache heap:2348810240 maxSize:587202560 maxEntrySize:293601280
18 verbose cwd D:\xampp\htdocs\lawrato\platform
19 verbose os Windows_NT 10.0.26200
20 verbose node v24.14.0
21 verbose npm  v11.9.0
22 verbose exit 1
23 verbose code 1
